<?xml version="1.0" encoding="UTF-8"?>
<!-- Generated by org.testng.reporters.JUnitXMLReporter -->
<testsuite ignored="0" hostname="Pankajs-MacBook-Air-2.local" failures="0" tests="12" name="ParaBank Regression Tests" time="73.696" errors="0" timestamp="2026-06-08T22:59:13 IST">
  <testcase classname="test.ParaBankTest" name="registerNewCustomer" time="2.361"/>
  <testcase classname="test.ParaBankTest" name="invalidLoginTest" time="1.093"/>
  <testcase classname="test.ParaBankTest" name="invalidLoginTest" time="3.012"/>
  <testcase classname="test.ParaBankTest" name="invalidLoginTest" time="2.578"/>
  <testcase classname="test.ParaBankTest" name="validLoginTest" time="1.976"/>
  <testcase classname="test.ParaBankTest" name="openNewSavingsAccountTest" time="3.818"/>
  <testcase classname="test.ParaBankTest" name="transferFundsTest" time="4.965"/>
  <testcase classname="test.ParaBankTest" name="billPaymentTest" time="4.546"/>
  <testcase classname="test.ParaBankTest" name="findTransactionTest" time="5.76"/>
  <testcase classname="test.ParaBankTest" name="updateContactInfoTest" time="3.116"/>
  <testcase classname="test.ParaBankTest" name="requestLoanTest" time="2.491"/>
  <testcase classname="test.ParaBankTest" name="logoutTest" time="3.238"/>
</testsuite> <!-- ParaBank Regression Tests -->
