<?xml version="1.0" encoding="UTF-8"?>
<testng-results ignored="0" total="12" passed="12" failed="0" skipped="0">
  <reporter-output>
  </reporter-output>
  <suite started-at="2026-06-08T22:57:59 IST" name="ParaBank Selenium TestNG Suite" finished-at="2026-06-08T22:59:12 IST" duration-ms="73696">
    <groups>
      <group name="negative">
        <method signature="ParaBankTest.invalidLoginTest(java.lang.String,java.lang.String)[pri:2, instance:test.ParaBankTest@5c530d1e]" name="invalidLoginTest" class="test.ParaBankTest"/>
      </group> <!-- negative -->
      <group name="account-services">
        <method signature="ParaBankTest.findTransactionTest()[pri:7, instance:test.ParaBankTest@5c530d1e]" name="findTransactionTest" class="test.ParaBankTest"/>
        <method signature="ParaBankTest.updateContactInfoTest()[pri:8, instance:test.ParaBankTest@5c530d1e]" name="updateContactInfoTest" class="test.ParaBankTest"/>
        <method signature="ParaBankTest.requestLoanTest()[pri:9, instance:test.ParaBankTest@5c530d1e]" name="requestLoanTest" class="test.ParaBankTest"/>
      </group> <!-- account-services -->
      <group name="regression">
        <method signature="ParaBankTest.openNewSavingsAccountTest()[pri:4, instance:test.ParaBankTest@5c530d1e]" name="openNewSavingsAccountTest" class="test.ParaBankTest"/>
        <method signature="ParaBankTest.transferFundsTest()[pri:5, instance:test.ParaBankTest@5c530d1e]" name="transferFundsTest" class="test.ParaBankTest"/>
        <method signature="ParaBankTest.billPaymentTest()[pri:6, instance:test.ParaBankTest@5c530d1e]" name="billPaymentTest" class="test.ParaBankTest"/>
        <method signature="ParaBankTest.findTransactionTest()[pri:7, instance:test.ParaBankTest@5c530d1e]" name="findTransactionTest" class="test.ParaBankTest"/>
        <method signature="ParaBankTest.updateContactInfoTest()[pri:8, instance:test.ParaBankTest@5c530d1e]" name="updateContactInfoTest" class="test.ParaBankTest"/>
        <method signature="ParaBankTest.requestLoanTest()[pri:9, instance:test.ParaBankTest@5c530d1e]" name="requestLoanTest" class="test.ParaBankTest"/>
      </group> <!-- regression -->
      <group name="smoke">
        <method signature="ParaBankTest.registerNewCustomer(java.lang.String,java.lang.String,java.lang.String,java.lang.String,java.lang.String,java.lang.String,java.lang.String,java.lang.String,java.lang.String,java.lang.String)[pri:1, instance:test.ParaBankTest@5c530d1e]" name="registerNewCustomer" class="test.ParaBankTest"/>
        <method signature="ParaBankTest.validLoginTest()[pri:3, instance:test.ParaBankTest@5c530d1e]" name="validLoginTest" class="test.ParaBankTest"/>
        <method signature="ParaBankTest.logoutTest()[pri:10, instance:test.ParaBankTest@5c530d1e]" name="logoutTest" class="test.ParaBankTest"/>
      </group> <!-- smoke -->
      <group name="registration">
        <method signature="ParaBankTest.registerNewCustomer(java.lang.String,java.lang.String,java.lang.String,java.lang.String,java.lang.String,java.lang.String,java.lang.String,java.lang.String,java.lang.String,java.lang.String)[pri:1, instance:test.ParaBankTest@5c530d1e]" name="registerNewCustomer" class="test.ParaBankTest"/>
      </group> <!-- registration -->
      <group name="login">
        <method signature="ParaBankTest.validLoginTest()[pri:3, instance:test.ParaBankTest@5c530d1e]" name="validLoginTest" class="test.ParaBankTest"/>
      </group> <!-- login -->
    </groups>
    <test started-at="2026-06-08T22:57:59 IST" name="ParaBank Regression Tests" finished-at="2026-06-08T22:59:12 IST" duration-ms="73696">
      <class name="test.ParaBankTest">
        <test-method is-config="true" signature="setUp(java.lang.String)[pri:0, instance:test.ParaBankTest@5c530d1e]" started-at="2026-06-08T22:57:59 IST" name="setUp" finished-at="2026-06-08T22:58:04 IST" duration-ms="5580" status="PASS">
          <params>
            <param index="0">
              <value>
                <![CDATA[chrome]]>
              </value>
            </param>
          </params>
          <reporter-output>
          </reporter-output>
        </test-method> <!-- setUp -->
        <test-method signature="registerNewCustomer(java.lang.String,java.lang.String,java.lang.String,java.lang.String,java.lang.String,java.lang.String,java.lang.String,java.lang.String,java.lang.String,java.lang.String)[pri:1, instance:test.ParaBankTest@5c530d1e]" started-at="2026-06-08T22:58:04 IST" name="registerNewCustomer" data-provider="registrationData" finished-at="2026-06-08T22:58:07 IST" duration-ms="2361" status="PASS">
          <params>
            <param index="0">
              <value>
                <![CDATA[Pankaj]]>
              </value>
            </param>
            <param index="1">
              <value>
                <![CDATA[Vishwakarma]]>
              </value>
            </param>
            <param index="2">
              <value>
                <![CDATA[Street 1]]>
              </value>
            </param>
            <param index="3">
              <value>
                <![CDATA[Lucknow]]>
              </value>
            </param>
            <param index="4">
              <value>
                <![CDATA[UP]]>
              </value>
            </param>
            <param index="5">
              <value>
                <![CDATA[226001]]>
              </value>
            </param>
            <param index="6">
              <value>
                <![CDATA[9999999999]]>
              </value>
            </param>
            <param index="7">
              <value>
                <![CDATA[123456789]]>
              </value>
            </param>
            <param index="8">
              <value>
                <![CDATA[pankaj_auto]]>
              </value>
            </param>
            <param index="9">
              <value>
                <![CDATA[Test@123]]>
              </value>
            </param>
          </params>
          <reporter-output>
          </reporter-output>
        </test-method> <!-- registerNewCustomer -->
        <test-method is-config="true" signature="tearDown()[pri:0, instance:test.ParaBankTest@5c530d1e]" started-at="2026-06-08T22:58:07 IST" name="tearDown" finished-at="2026-06-08T22:58:07 IST" duration-ms="93" status="PASS">
          <reporter-output>
          </reporter-output>
        </test-method> <!-- tearDown -->
        <test-method is-config="true" signature="setUp(java.lang.String)[pri:0, instance:test.ParaBankTest@5c530d1e]" started-at="2026-06-08T22:58:07 IST" name="setUp" finished-at="2026-06-08T22:58:10 IST" duration-ms="3382" status="PASS">
          <params>
            <param index="0">
              <value>
                <![CDATA[chrome]]>
              </value>
            </param>
          </params>
          <reporter-output>
          </reporter-output>
        </test-method> <!-- setUp -->
        <test-method signature="invalidLoginTest(java.lang.String,java.lang.String)[pri:2, instance:test.ParaBankTest@5c530d1e]" started-at="2026-06-08T22:58:10 IST" name="invalidLoginTest" data-provider="invalidLoginData" finished-at="2026-06-08T22:58:11 IST" duration-ms="1093" status="PASS">
          <params>
            <param index="0">
              <value>
                <![CDATA[wrong_User]]>
              </value>
            </param>
            <param index="1">
              <value>
                <![CDATA[wrong_Pass]]>
              </value>
            </param>
          </params>
          <reporter-output>
          </reporter-output>
        </test-method> <!-- invalidLoginTest -->
        <test-method is-config="true" signature="tearDown()[pri:0, instance:test.ParaBankTest@5c530d1e]" started-at="2026-06-08T22:58:11 IST" name="tearDown" finished-at="2026-06-08T22:58:11 IST" duration-ms="94" status="PASS">
          <reporter-output>
          </reporter-output>
        </test-method> <!-- tearDown -->
        <test-method is-config="true" signature="setUp(java.lang.String)[pri:0, instance:test.ParaBankTest@5c530d1e]" started-at="2026-06-08T22:58:11 IST" name="setUp" finished-at="2026-06-08T22:58:13 IST" duration-ms="1800" status="PASS">
          <params>
            <param index="0">
              <value>
                <![CDATA[chrome]]>
              </value>
            </param>
          </params>
          <reporter-output>
          </reporter-output>
        </test-method> <!-- setUp -->
        <test-method signature="invalidLoginTest(java.lang.String,java.lang.String)[pri:2, instance:test.ParaBankTest@5c530d1e]" started-at="2026-06-08T22:58:13 IST" name="invalidLoginTest" data-provider="invalidLoginData" finished-at="2026-06-08T22:58:16 IST" duration-ms="3012" status="PASS">
          <params>
            <param index="0">
              <value>
                <![CDATA[]]>
              </value>
            </param>
            <param index="1">
              <value>
                <![CDATA[wrong_Pass]]>
              </value>
            </param>
          </params>
          <reporter-output>
          </reporter-output>
        </test-method> <!-- invalidLoginTest -->
        <test-method is-config="true" signature="tearDown()[pri:0, instance:test.ParaBankTest@5c530d1e]" started-at="2026-06-08T22:58:16 IST" name="tearDown" finished-at="2026-06-08T22:58:16 IST" duration-ms="101" status="PASS">
          <reporter-output>
          </reporter-output>
        </test-method> <!-- tearDown -->
        <test-method is-config="true" signature="setUp(java.lang.String)[pri:0, instance:test.ParaBankTest@5c530d1e]" started-at="2026-06-08T22:58:16 IST" name="setUp" finished-at="2026-06-08T22:58:19 IST" duration-ms="2262" status="PASS">
          <params>
            <param index="0">
              <value>
                <![CDATA[chrome]]>
              </value>
            </param>
          </params>
          <reporter-output>
          </reporter-output>
        </test-method> <!-- setUp -->
        <test-method signature="invalidLoginTest(java.lang.String,java.lang.String)[pri:2, instance:test.ParaBankTest@5c530d1e]" started-at="2026-06-08T22:58:19 IST" name="invalidLoginTest" data-provider="invalidLoginData" finished-at="2026-06-08T22:58:21 IST" duration-ms="2578" status="PASS">
          <params>
            <param index="0">
              <value>
                <![CDATA[wrongUser_]]>
              </value>
            </param>
            <param index="1">
              <value>
                <![CDATA[]]>
              </value>
            </param>
          </params>
          <reporter-output>
          </reporter-output>
        </test-method> <!-- invalidLoginTest -->
        <test-method is-config="true" signature="tearDown()[pri:0, instance:test.ParaBankTest@5c530d1e]" started-at="2026-06-08T22:58:21 IST" name="tearDown" finished-at="2026-06-08T22:58:21 IST" duration-ms="98" status="PASS">
          <reporter-output>
          </reporter-output>
        </test-method> <!-- tearDown -->
        <test-method is-config="true" signature="setUp(java.lang.String)[pri:0, instance:test.ParaBankTest@5c530d1e]" started-at="2026-06-08T22:58:21 IST" name="setUp" finished-at="2026-06-08T22:58:24 IST" duration-ms="3222" status="PASS">
          <params>
            <param index="0">
              <value>
                <![CDATA[chrome]]>
              </value>
            </param>
          </params>
          <reporter-output>
          </reporter-output>
        </test-method> <!-- setUp -->
        <test-method signature="validLoginTest()[pri:3, instance:test.ParaBankTest@5c530d1e]" started-at="2026-06-08T22:58:24 IST" name="validLoginTest" finished-at="2026-06-08T22:58:26 IST" duration-ms="1976" status="PASS">
          <reporter-output>
          </reporter-output>
        </test-method> <!-- validLoginTest -->
        <test-method is-config="true" signature="tearDown()[pri:0, instance:test.ParaBankTest@5c530d1e]" started-at="2026-06-08T22:58:26 IST" name="tearDown" finished-at="2026-06-08T22:58:27 IST" duration-ms="87" status="PASS">
          <reporter-output>
          </reporter-output>
        </test-method> <!-- tearDown -->
        <test-method is-config="true" signature="setUp(java.lang.String)[pri:0, instance:test.ParaBankTest@5c530d1e]" started-at="2026-06-08T22:58:27 IST" name="setUp" finished-at="2026-06-08T22:58:29 IST" duration-ms="2014" status="PASS">
          <params>
            <param index="0">
              <value>
                <![CDATA[chrome]]>
              </value>
            </param>
          </params>
          <reporter-output>
          </reporter-output>
        </test-method> <!-- setUp -->
        <test-method signature="openNewSavingsAccountTest()[pri:4, instance:test.ParaBankTest@5c530d1e]" started-at="2026-06-08T22:58:29 IST" name="openNewSavingsAccountTest" finished-at="2026-06-08T22:58:32 IST" duration-ms="3818" status="PASS">
          <reporter-output>
          </reporter-output>
        </test-method> <!-- openNewSavingsAccountTest -->
        <test-method is-config="true" signature="tearDown()[pri:0, instance:test.ParaBankTest@5c530d1e]" started-at="2026-06-08T22:58:32 IST" name="tearDown" finished-at="2026-06-08T22:58:32 IST" duration-ms="86" status="PASS">
          <reporter-output>
          </reporter-output>
        </test-method> <!-- tearDown -->
        <test-method is-config="true" signature="setUp(java.lang.String)[pri:0, instance:test.ParaBankTest@5c530d1e]" started-at="2026-06-08T22:58:32 IST" name="setUp" finished-at="2026-06-08T22:58:34 IST" duration-ms="1679" status="PASS">
          <params>
            <param index="0">
              <value>
                <![CDATA[chrome]]>
              </value>
            </param>
          </params>
          <reporter-output>
          </reporter-output>
        </test-method> <!-- setUp -->
        <test-method signature="transferFundsTest()[pri:5, instance:test.ParaBankTest@5c530d1e]" started-at="2026-06-08T22:58:34 IST" name="transferFundsTest" finished-at="2026-06-08T22:58:39 IST" duration-ms="4965" status="PASS">
          <reporter-output>
          </reporter-output>
        </test-method> <!-- transferFundsTest -->
        <test-method is-config="true" signature="tearDown()[pri:0, instance:test.ParaBankTest@5c530d1e]" started-at="2026-06-08T22:58:39 IST" name="tearDown" finished-at="2026-06-08T22:58:39 IST" duration-ms="95" status="PASS">
          <reporter-output>
          </reporter-output>
        </test-method> <!-- tearDown -->
        <test-method is-config="true" signature="setUp(java.lang.String)[pri:0, instance:test.ParaBankTest@5c530d1e]" started-at="2026-06-08T22:58:39 IST" name="setUp" finished-at="2026-06-08T22:58:41 IST" duration-ms="1700" status="PASS">
          <params>
            <param index="0">
              <value>
                <![CDATA[chrome]]>
              </value>
            </param>
          </params>
          <reporter-output>
          </reporter-output>
        </test-method> <!-- setUp -->
        <test-method signature="billPaymentTest()[pri:6, instance:test.ParaBankTest@5c530d1e]" started-at="2026-06-08T22:58:41 IST" name="billPaymentTest" finished-at="2026-06-08T22:58:45 IST" duration-ms="4546" status="PASS">
          <reporter-output>
          </reporter-output>
        </test-method> <!-- billPaymentTest -->
        <test-method is-config="true" signature="tearDown()[pri:0, instance:test.ParaBankTest@5c530d1e]" started-at="2026-06-08T22:58:45 IST" name="tearDown" finished-at="2026-06-08T22:58:46 IST" duration-ms="86" status="PASS">
          <reporter-output>
          </reporter-output>
        </test-method> <!-- tearDown -->
        <test-method is-config="true" signature="setUp(java.lang.String)[pri:0, instance:test.ParaBankTest@5c530d1e]" started-at="2026-06-08T22:58:46 IST" name="setUp" finished-at="2026-06-08T22:58:47 IST" duration-ms="1648" status="PASS">
          <params>
            <param index="0">
              <value>
                <![CDATA[chrome]]>
              </value>
            </param>
          </params>
          <reporter-output>
          </reporter-output>
        </test-method> <!-- setUp -->
        <test-method signature="findTransactionTest()[pri:7, instance:test.ParaBankTest@5c530d1e]" started-at="2026-06-08T22:58:47 IST" name="findTransactionTest" finished-at="2026-06-08T22:58:53 IST" duration-ms="5760" status="PASS">
          <reporter-output>
          </reporter-output>
        </test-method> <!-- findTransactionTest -->
        <test-method is-config="true" signature="tearDown()[pri:0, instance:test.ParaBankTest@5c530d1e]" started-at="2026-06-08T22:58:53 IST" name="tearDown" finished-at="2026-06-08T22:58:53 IST" duration-ms="83" status="PASS">
          <reporter-output>
          </reporter-output>
        </test-method> <!-- tearDown -->
        <test-method is-config="true" signature="setUp(java.lang.String)[pri:0, instance:test.ParaBankTest@5c530d1e]" started-at="2026-06-08T22:58:53 IST" name="setUp" finished-at="2026-06-08T22:58:56 IST" duration-ms="3439" status="PASS">
          <params>
            <param index="0">
              <value>
                <![CDATA[chrome]]>
              </value>
            </param>
          </params>
          <reporter-output>
          </reporter-output>
        </test-method> <!-- setUp -->
        <test-method signature="updateContactInfoTest()[pri:8, instance:test.ParaBankTest@5c530d1e]" started-at="2026-06-08T22:58:56 IST" name="updateContactInfoTest" finished-at="2026-06-08T22:59:00 IST" duration-ms="3116" status="PASS">
          <reporter-output>
          </reporter-output>
        </test-method> <!-- updateContactInfoTest -->
        <test-method is-config="true" signature="tearDown()[pri:0, instance:test.ParaBankTest@5c530d1e]" started-at="2026-06-08T22:59:00 IST" name="tearDown" finished-at="2026-06-08T22:59:00 IST" duration-ms="91" status="PASS">
          <reporter-output>
          </reporter-output>
        </test-method> <!-- tearDown -->
        <test-method is-config="true" signature="setUp(java.lang.String)[pri:0, instance:test.ParaBankTest@5c530d1e]" started-at="2026-06-08T22:59:00 IST" name="setUp" finished-at="2026-06-08T22:59:03 IST" duration-ms="3164" status="PASS">
          <params>
            <param index="0">
              <value>
                <![CDATA[chrome]]>
              </value>
            </param>
          </params>
          <reporter-output>
          </reporter-output>
        </test-method> <!-- setUp -->
        <test-method signature="requestLoanTest()[pri:9, instance:test.ParaBankTest@5c530d1e]" started-at="2026-06-08T22:59:03 IST" name="requestLoanTest" finished-at="2026-06-08T22:59:05 IST" duration-ms="2491" status="PASS">
          <reporter-output>
          </reporter-output>
        </test-method> <!-- requestLoanTest -->
        <test-method is-config="true" signature="tearDown()[pri:0, instance:test.ParaBankTest@5c530d1e]" started-at="2026-06-08T22:59:05 IST" name="tearDown" finished-at="2026-06-08T22:59:05 IST" duration-ms="89" status="PASS">
          <reporter-output>
          </reporter-output>
        </test-method> <!-- tearDown -->
        <test-method is-config="true" signature="setUp(java.lang.String)[pri:0, instance:test.ParaBankTest@5c530d1e]" started-at="2026-06-08T22:59:05 IST" name="setUp" finished-at="2026-06-08T22:59:09 IST" duration-ms="3571" status="PASS">
          <params>
            <param index="0">
              <value>
                <![CDATA[chrome]]>
              </value>
            </param>
          </params>
          <reporter-output>
          </reporter-output>
        </test-method> <!-- setUp -->
        <test-method signature="logoutTest()[pri:10, instance:test.ParaBankTest@5c530d1e]" started-at="2026-06-08T22:59:09 IST" name="logoutTest" finished-at="2026-06-08T22:59:12 IST" duration-ms="3238" status="PASS">
          <reporter-output>
          </reporter-output>
        </test-method> <!-- logoutTest -->
        <test-method is-config="true" signature="tearDown()[pri:0, instance:test.ParaBankTest@5c530d1e]" started-at="2026-06-08T22:59:12 IST" name="tearDown" finished-at="2026-06-08T22:59:12 IST" duration-ms="94" status="PASS">
          <reporter-output>
          </reporter-output>
        </test-method> <!-- tearDown -->
      </class> <!-- test.ParaBankTest -->
    </test> <!-- ParaBank Regression Tests -->
  </suite> <!-- ParaBank Selenium TestNG Suite -->
</testng-results>
