<?xml version="1.0" encoding="UTF-8"?>
<testsuite xmlns:xsi="http://www.w3.org/2001/XMLSchema-instance" xsi:noNamespaceSchemaLocation="https://maven.apache.org/surefire/maven-surefire-plugin/xsd/surefire-test-report.xsd" version="3.0.2" name="TestSuite" time="74.309" tests="12" errors="0" skipped="0" failures="0">
  <properties>
[...]
</properties>
  <testcase name="registerNewCustomer[Pankaj, Vishwakarma, Street 1, Lucknow, UP, 226001, 9999999999, 123456789, pankaj_auto, Test@123](1)" classname="test.ParaBankTest" time="2.37">
    <system-out><![CDATA[22:57:59 INFO  TestListener - Test execution started: ParaBank Regression Tests
22:58:04 INFO  TestListener - Test started: registerNewCustomer

==================================================
TEST EXECUTION OUTPUT
Test Case       : TC_REG_001
Module          : Registration
Expected Result : Customer should register successfully
Actual Result   : Customer registered successfully. Username: ucgc0ie03wj674b
Status          : PASS
==================================================

22:58:07 INFO  TestListener - Test passed: registerNewCustomer
]]></system-out>
    <system-err><![CDATA[Jun 08, 2026 10:58:01 PM org.openqa.selenium.devtools.CdpVersionFinder findNearestMatch
WARNING: Unable to find CDP implementation matching 148
Jun 08, 2026 10:58:01 PM org.openqa.selenium.chromium.ChromiumDriver lambda$new$5
WARNING: Unable to find version of CDP to use for 148.0.7778.216. You may need to include a dependency on a specific version of the CDP using something similar to `org.seleniumhq.selenium:selenium-devtools-v86:4.27.0` where the version ("v86") matches the version of the chromium-based browser you're using and the version number of the artifact is the same as Selenium's.
]]></system-err>
  </testcase>
  <testcase name="invalidLoginTest[wrong_User, wrong_Pass](1)" classname="test.ParaBankTest" time="1.093">
    <system-out><![CDATA[22:58:10 INFO  TestListener - Test started: invalidLoginTest

==================================================
TEST EXECUTION OUTPUT
Test Case       : TC_LOGIN_NEG
Module          : Invalid Login
Expected Result : Error message should be displayed
Actual Result   : The username and password could not be verified.
Status          : PASS
==================================================

22:58:11 INFO  TestListener - Test passed: invalidLoginTest
]]></system-out>
  </testcase>
  <testcase name="invalidLoginTest[, wrong_Pass](2)" classname="test.ParaBankTest" time="3.015">
    <system-out><![CDATA[22:58:13 INFO  TestListener - Test started: invalidLoginTest

==================================================
TEST EXECUTION OUTPUT
Test Case       : TC_LOGIN_NEG
Module          : Invalid Login
Expected Result : Error message should be displayed
Actual Result   : Please enter a username and password.
Status          : PASS
==================================================

22:58:16 INFO  TestListener - Test passed: invalidLoginTest
]]></system-out>
  </testcase>
  <testcase name="invalidLoginTest[wrongUser_, ](3)" classname="test.ParaBankTest" time="2.596">
    <system-out><![CDATA[22:58:19 INFO  TestListener - Test started: invalidLoginTest

==================================================
TEST EXECUTION OUTPUT
Test Case       : TC_LOGIN_NEG
Module          : Invalid Login
Expected Result : Error message should be displayed
Actual Result   : Please enter a username and password.
Status          : PASS
==================================================

22:58:21 INFO  TestListener - Test passed: invalidLoginTest
]]></system-out>
  </testcase>
  <testcase name="validLoginTest" classname="test.ParaBankTest" time="1.976">
    <system-out><![CDATA[22:58:24 INFO  TestListener - Test started: validLoginTest
Registered user: ucgc9q3ep0sac6b

==================================================
TEST EXECUTION OUTPUT
Test Case       : TC_LOGIN_001
Module          : Valid Login
Expected Result : Account Overview page should be displayed
Actual Result   : Account Overview displayed for user: ucgc9q3ep0sac6b
Status          : PASS
==================================================

22:58:26 INFO  TestListener - Test passed: validLoginTest
]]></system-out>
  </testcase>
  <testcase name="openNewSavingsAccountTest" classname="test.ParaBankTest" time="3.816">
    <system-out><![CDATA[22:58:29 INFO  TestListener - Test started: openNewSavingsAccountTest
Registered user: ucgcbljz2n07666

==================================================
TEST EXECUTION OUTPUT
Test Case       : TC_ACC_001
Module          : Open New Account
Expected Result : New savings account should be created
Actual Result   : Message: Account Opened!, Account ID: GeneratedByParaBank
Status          : PASS
==================================================

22:58:32 INFO  TestListener - Test passed: openNewSavingsAccountTest
]]></system-out>
  </testcase>
  <testcase name="transferFundsTest" classname="test.ParaBankTest" time="4.963">
    <system-out><![CDATA[22:58:34 INFO  TestListener - Test started: transferFundsTest
Registered user: ucgce608u0516f0

==================================================
TEST EXECUTION OUTPUT
Test Case       : TC_TRF_001
Module          : Transfer Funds
Expected Result : Transfer should complete successfully
Actual Result   : Transfer Complete!
Status          : PASS
==================================================

22:58:39 INFO  TestListener - Test passed: transferFundsTest
]]></system-out>
  </testcase>
  <testcase name="billPaymentTest" classname="test.ParaBankTest" time="4.542">
    <system-out><![CDATA[22:58:41 INFO  TestListener - Test started: billPaymentTest
Registered user: ucgcha41t2kd550

==================================================
TEST EXECUTION OUTPUT
Test Case       : TC_BILL_001
Module          : Bill Payment
Expected Result : Bill payment should complete successfully
Actual Result   : Bill Payment Complete
Status          : PASS
==================================================

22:58:45 INFO  TestListener - Test passed: billPaymentTest
]]></system-out>
  </testcase>
  <testcase name="findTransactionTest" classname="test.ParaBankTest" time="5.761">
    <system-out><![CDATA[22:58:47 INFO  TestListener - Test started: findTransactionTest
Registered user: ucgck5ujph4ca40

==================================================
TEST EXECUTION OUTPUT
Test Case       : TC_FIND_001
Module          : Find Transactions
Expected Result : Transaction Results should be displayed
Actual Result   : Title: Transaction Results, Result Displayed: true
Status          : PASS
==================================================

22:58:53 INFO  TestListener - Test passed: findTransactionTest
]]></system-out>
  </testcase>
  <testcase name="updateContactInfoTest" classname="test.ParaBankTest" time="3.117">
    <system-out><![CDATA[22:58:57 INFO  TestListener - Test started: updateContactInfoTest
Registered user: ucgcoffkegqee6d

==================================================
TEST EXECUTION OUTPUT
Test Case       : TC_UPDATE_001
Module          : Update Contact Info
Expected Result : Profile should be updated successfully
Actual Result   : Title: Profile Updated, Updated: true
Status          : PASS
==================================================

22:59:00 INFO  TestListener - Test passed: updateContactInfoTest
]]></system-out>
  </testcase>
  <testcase name="requestLoanTest" classname="test.ParaBankTest" time="2.489">
    <system-out><![CDATA[22:59:03 INFO  TestListener - Test started: requestLoanTest
Registered user: ucgcrcxlgw986c2

==================================================
TEST EXECUTION OUTPUT
Test Case       : TC_LOAN_001
Module          : Request Loan
Expected Result : Loan request should be processed
Actual Result   : Title: Loan Request Processed, Processed: true
Status          : PASS
==================================================

22:59:05 INFO  TestListener - Test passed: requestLoanTest
]]></system-out>
  </testcase>
  <testcase name="logoutTest" classname="test.ParaBankTest" time="3.239">
    <system-out><![CDATA[22:59:09 INFO  TestListener - Test started: logoutTest
Registered user: ucgcu6qght2f708

==================================================
TEST EXECUTION OUTPUT
Test Case       : TC_LOGOUT_001
Module          : Logout
Expected Result : Login button should be displayed after logout
Actual Result   : Login button displayed
Status          : PASS
==================================================

22:59:12 INFO  TestListener - Test passed: logoutTest
]]></system-out>
  </testcase>
</testsuite>