<?xml version="1.0" encoding="UTF-8"?>
<!-- Generated by org.testng.reporters.JUnitReportReporter -->
<testsuite hostname="Pankajs-MacBook-Air-2.local" failures="0" tests="12" name="test.ParaBankTest" time="73.512" errors="0" timestamp="2026-06-08T22:59:13 IST" skipped="0">
  <testcase classname="test.ParaBankTest" name="registerNewCustomer" time="4.466"/>
  <testcase classname="test.ParaBankTest" name="invalidLoginTest" time="4.573"/>
  <testcase classname="test.ParaBankTest" name="invalidLoginTest" time="4.364"/>
  <testcase classname="test.ParaBankTest" name="invalidLoginTest" time="4.907"/>
  <testcase classname="test.ParaBankTest" name="validLoginTest" time="5.641"/>
  <testcase classname="test.ParaBankTest" name="openNewSavingsAccountTest" time="5.591"/>
  <testcase classname="test.ParaBankTest" name="transferFundsTest" time="10.634"/>
  <testcase classname="test.ParaBankTest" name="billPaymentTest" time="8.078"/>
  <testcase classname="test.ParaBankTest" name="findTransactionTest" time="7.494"/>
  <testcase classname="test.ParaBankTest" name="updateContactInfoTest" time="6.381"/>
  <testcase classname="test.ParaBankTest" name="requestLoanTest" time="5.796"/>
  <testcase classname="test.ParaBankTest" name="logoutTest" time="5.587"/>
</testsuite> <!-- test.ParaBankTest -->
